producer_class	xtools.gsea.GseaPreranked
producer_timestamp	1743651063841
param	rpt_label	gsea_a3
param	rnd_seed	timestamp
param	set_min	15
param	zip_report	false
param	create_svgs	false
param	scoring_scheme	weighted
param	rnk	/Users/izumiando/Documents/BCB420/Izumi_Ando/ranked_genes_2.rnk
param	norm	meandiv
param	out	/Users/izumiando/Documents/BCB420/gsea
param	mode	Abs_max_of_probes
param	include_only_symbols	true
param	help	false
param	set_max	200
param	gmx	/Users/izumiando/Documents/BCB420/Human_GOBP_AllPathways_noPFOCR_no_GO_iea_March_01_2025_symbol.gmt
param	make_sets	true
param	plot_top_x	20
param	gui	false
param	nperm	1000
param	collapse	No_Collapse

file	/Users/izumiando/Documents/BCB420/gsea/gsea_a3.GseaPreranked.1743651063841/index.html
